<?xml version="1.0" encoding="UTF-8"?>
<!-- Generated by org.testng.reporters.JUnitReportReporter -->
<testsuite skipped="0" hostname="DESKTOP-RL7I7P6" name="com.admin.qa.testcases.DashboardTest" tests="5" failures="0" timestamp="05 Aug 2019 16:13:28 GMT" time="6.626" errors="0">
  <testcase name="checktitle" time="0.016" classname="com.admin.qa.testcases.DashboardTest"/>
  <testcase name="verifyDashboardPageLabel" time="0.053" classname="com.admin.qa.testcases.DashboardTest"/>
  <testcase name="verifyLoggedUser" time="0.043" classname="com.admin.qa.testcases.DashboardTest"/>
  <testcase name="verifyUserLink" time="3.326" classname="com.admin.qa.testcases.DashboardTest"/>
  <testcase name="checklogo" time="3.188" classname="com.admin.qa.testcases.DashboardTest"/>
</testsuite> <!-- com.admin.qa.testcases.DashboardTest -->
