<?xml version="1.0" encoding="UTF-8"?>
<!-- Generated by org.testng.reporters.JUnitReportReporter -->
<testsuite skipped="0" hostname="DESKTOP-RL7I7P6" name="com.admin.qa.testcases.LoginTest" tests="3" failures="0" timestamp="02 Aug 2019 15:34:29 GMT" time="1.188" errors="0">
  <testcase name="checklogo" time="0.062" classname="com.admin.qa.testcases.LoginTest"/>
  <testcase name="checktitle" time="0.002" classname="com.admin.qa.testcases.LoginTest"/>
  <testcase name="checklogin" time="1.124" classname="com.admin.qa.testcases.LoginTest"/>
</testsuite> <!-- com.admin.qa.testcases.LoginTest -->
