<?xml version="1.0" encoding="UTF-8"?>
<!-- Generated by org.testng.reporters.JUnitReportReporter -->
<testsuite skipped="0" hostname="DESKTOP-RL7I7P6" name="com.shopcart.qa.testcases.SuppliersPageTest" tests="2" failures="0" timestamp="10 Aug 2019 10:10:13 GMT" time="55.796" errors="0">
  <testcase name="checktitle" time="23.752" classname="com.shopcart.qa.testcases.SuppliersPageTest"/>
  <testcase name="checkviewpage" time="32.044" classname="com.shopcart.qa.testcases.SuppliersPageTest"/>
</testsuite> <!-- com.shopcart.qa.testcases.SuppliersPageTest -->
