<?xml version="1.0" encoding="UTF-8"?>
<!-- Generated by org.testng.reporters.JUnitReportReporter -->
<testsuite hostname="DESKTOP-RL7I7P6" name="com.shopcart.qa.testcases.AddNewProductTest" tests="1" failures="0" timestamp="14 Aug 2019 16:49:26 GMT" time="17.027" errors="0">
  <testcase name="checkaddnew" time="17.027" classname="com.shopcart.qa.testcases.AddNewProductTest"/>
</testsuite> <!-- com.shopcart.qa.testcases.AddNewProductTest -->
