<?xml version="1.0" encoding="UTF-8"?>
<!-- Generated by org.testng.reporters.JUnitReportReporter -->
<testsuite skipped="0" hostname="DESKTOP-RL7I7P6" name="com.shopcart.qa.testcases.CatalogPageTest" tests="2" failures="0" timestamp="31 Jul 2019 11:29:23 GMT" time="7.137" errors="0">
  <testcase name="clickonproductpage" time="7.122" classname="com.shopcart.qa.testcases.CatalogPageTest"/>
  <testcase name="verifytitle" time="0.015" classname="com.shopcart.qa.testcases.CatalogPageTest"/>
</testsuite> <!-- com.shopcart.qa.testcases.CatalogPageTest -->
