<?xml version="1.0" encoding="UTF-8"?>
<!-- Generated by org.testng.reporters.JUnitReportReporter -->
<testsuite skipped="0" hostname="DESKTOP-RL7I7P6" name="com.shopcart.qa.testcases.DashBoardPageTest" tests="23" failures="0" timestamp="10 Aug 2019 12:46:24 GMT" time="378.498" errors="0">
  <testcase name="checkpresta" time="12.257" classname="com.shopcart.qa.testcases.DashBoardPageTest"/>
  <testcase name="clickonmonth" time="14.996" classname="com.shopcart.qa.testcases.DashBoardPageTest"/>
  <testcase name="clickonyear" time="19.428" classname="com.shopcart.qa.testcases.DashBoardPageTest"/>
  <testcase name="checkclickonattachment" time="19.021" classname="com.shopcart.qa.testcases.DashBoardPageTest"/>
  <testcase name="clickonday1" time="14.479" classname="com.shopcart.qa.testcases.DashBoardPageTest"/>
  <testcase name="checkclickonfeature" time="16.067" classname="com.shopcart.qa.testcases.DashBoardPageTest"/>
  <testcase name="checkclickonsupplier" time="14.674" classname="com.shopcart.qa.testcases.DashBoardPageTest"/>
  <testcase name="checkclickonattribute" time="15.501" classname="com.shopcart.qa.testcases.DashBoardPageTest"/>
  <testcase name="checkclickonmyshop" time="32.138" classname="com.shopcart.qa.testcases.DashBoardPageTest"/>
  <testcase name="checkclickonmarketplace" time="12.321" classname="com.shopcart.qa.testcases.DashBoardPageTest"/>
  <testcase name="checkclickonproduct" time="19.415" classname="com.shopcart.qa.testcases.DashBoardPageTest"/>
  <testcase name="checkclickontag" time="15.817" classname="com.shopcart.qa.testcases.DashBoardPageTest"/>
  <testcase name="clickoncalender" time="13.903" classname="com.shopcart.qa.testcases.DashBoardPageTest"/>
  <testcase name="checkclickonmanufacture" time="18.743" classname="com.shopcart.qa.testcases.DashBoardPageTest"/>
  <testcase name="checktitle" time="8.239" classname="com.shopcart.qa.testcases.DashBoardPageTest"/>
  <testcase name="clickonmonth1" time="16.442" classname="com.shopcart.qa.testcases.DashBoardPageTest"/>
  <testcase name="checkclickondashboard" time="17.342" classname="com.shopcart.qa.testcases.DashBoardPageTest"/>
  <testcase name="checkdemomode" time="15.343" classname="com.shopcart.qa.testcases.DashBoardPageTest"/>
  <testcase name="checkclickonnewproduct" time="17.578" classname="com.shopcart.qa.testcases.DashBoardPageTest"/>
  <testcase name="clickonconnect" time="15.028" classname="com.shopcart.qa.testcases.DashBoardPageTest"/>
  <testcase name="checkclickonmonitoring" time="18.027" classname="com.shopcart.qa.testcases.DashBoardPageTest"/>
  <testcase name="checkclickoncategories" time="17.608" classname="com.shopcart.qa.testcases.DashBoardPageTest"/>
  <testcase name="clickonyear1" time="14.131" classname="com.shopcart.qa.testcases.DashBoardPageTest"/>
</testsuite> <!-- com.shopcart.qa.testcases.DashBoardPageTest -->
