<?xml version="1.0" encoding="UTF-8"?>
<!-- Generated by org.testng.reporters.JUnitReportReporter -->
<testsuite skipped="0" hostname="DESKTOP-RL7I7P6" name="com.shopcart.qa.testcases.CategoriesPageTest" tests="6" failures="0" timestamp="10 Aug 2019 10:10:13 GMT" time="184.980" errors="0">
  <testcase name="checkclickonview" time="30.235" classname="com.shopcart.qa.testcases.CategoriesPageTest"/>
  <testcase name="clickonmoduleandservices" time="34.016" classname="com.shopcart.qa.testcases.CategoriesPageTest"/>
  <testcase name="checkeditlink" time="36.944" classname="com.shopcart.qa.testcases.CategoriesPageTest"/>
  <testcase name="checknewcategories" time="28.528" classname="com.shopcart.qa.testcases.CategoriesPageTest"/>
  <testcase name="checktitle" time="24.780" classname="com.shopcart.qa.testcases.CategoriesPageTest"/>
  <testcase name="checkclickonrefresh" time="30.477" classname="com.shopcart.qa.testcases.CategoriesPageTest"/>
</testsuite> <!-- com.shopcart.qa.testcases.CategoriesPageTest -->
