<?xml version="1.0" encoding="UTF-8"?>
<!-- Generated by org.testng.reporters.JUnitReportReporter -->
<testsuite skipped="0" hostname="DESKTOP-RL7I7P6" name="com.shopcart.qa.testcases.TagsPageTest" tests="1" failures="0" timestamp="10 Aug 2019 10:10:13 GMT" time="11.960" errors="0">
  <testcase name="checktitle" time="11.960" classname="com.shopcart.qa.testcases.TagsPageTest"/>
</testsuite> <!-- com.shopcart.qa.testcases.TagsPageTest -->
