<?xml version="1.0" encoding="UTF-8"?>
<!-- Generated by org.testng.reporters.JUnitReportReporter -->
<testsuite hostname="DESKTOP-RL7I7P6" name="GetData" tests="2" failures="0" timestamp="4 May 2020 12:25:17 GMT" time="3.929" errors="0">
  <testcase name="testbody" time="0.918" classname="GetData"/>
  <testcase name="testResponseCode" time="3.011" classname="GetData"/>
</testsuite> <!-- GetData -->
