<?xml version="1.0" encoding="UTF-8"?>
<!-- Generated by org.testng.reporters.JUnitReportReporter -->
<testsuite hostname="DESKTOP-RL7I7P6" name="PostPutDeleteExample" tests="1" failures="0" timestamp="6 May 2020 11:01:06 GMT" time="2.942" errors="0">
  <testcase name="test2" time="2.942" classname="PostPutDeleteExample"/>
</testsuite> <!-- PostPutDeleteExample -->
