<?xml version="1.0" encoding="UTF-8"?>
<!-- Generated by org.testng.reporters.JUnitReportReporter -->
<testsuite hostname="DESKTOP-RL7I7P6" name="com.jbk.MainPageTest" tests="3" failures="0" timestamp="10 Aug 2020 10:36:38 GMT" time="0.316" errors="0">
  <testcase name="checktitle1" time="0.114" classname="com.jbk.MainPageTest"/>
  <testcase name="checktitle" time="0.124" classname="com.jbk.MainPageTest"/>
  <testcase name="checktitle2" time="0.078" classname="com.jbk.MainPageTest"/>
</testsuite> <!-- com.jbk.MainPageTest -->
