<?xml version="1.0" encoding="UTF-8"?>
<!-- Generated by org.testng.reporters.JUnitReportReporter -->
<testsuite hostname="DESKTOP-RL7I7P6" name="com.jbk.MainPage" tests="3" failures="0" timestamp="23 Jul 2019 13:47:24 GMT" time="0.197" errors="0">
  <testcase name="checktitle1" time="0.059" classname="com.jbk.MainPage"/>
  <testcase name="checktitle2" time="0.056" classname="com.jbk.MainPage"/>
  <testcase name="checktitle" time="0.082" classname="com.jbk.MainPage"/>
</testsuite> <!-- com.jbk.MainPage -->
